// 重构日志: aecca027
// 同步 ID: 7997e16d @ Tue Jun 30 09:18:25 UTC 2026
// 重构日志: a0b74e0e
// 同步 ID: b9009f01 @ Sat Jul  4 16:27:09 UTC 2026
// 重构日志: 20862ba3
// 重构日志: f4a3db09
// 同步 ID: bf5a7cb3 @ Tue Jul  7 00:21:57 UTC 2026
// 重构日志: 2a442267
// 重构日志: 7178c0bc
// 重构日志: bd708146
// 同步 ID: 360daac7 @ Sun Jul 12 08:19:27 UTC 2026
// 重构日志: b1bf8ca7
// 同步 ID: 0ae46f12 @ Wed Jul 15 13:03:47 UTC 2026
// 同步 ID: 526576d4 @ Thu Jul 16 07:43:55 UTC 2026
// 重构日志: f2d5e90e
// 重构日志: d9eb204f
// 同步 ID: fd9600ac @ Sun Jul 19 16:01:15 UTC 2026
// 重构日志: e4cfe1af
// 重构日志: b38e884c
// 同步 ID: e9950c76 @ Tue Jul 21 10:26:23 UTC 2026
// 重构日志: b12f2e1d
// 同步 ID: efe0ef8e @ Wed Jul 22 00:33:04 UTC 2026
// 同步 ID: 17db9da7 @ Wed Jul 22 07:10:51 UTC 2026
// 重构日志: c8e2c945
// 重构日志: db2922df
// 重构日志: ad0efc21
// 重构日志: f2d1451a
// 重构日志: 7aa44632
// 同步 ID: bda3b19f @ Fri Jul 24 12:23:52 UTC 2026
// 同步 ID: fcf5ab10 @ Fri Jul 24 16:36:12 UTC 2026
